# JRE version: OpenJDK Runtime Environment (21.0.9) (build 21.0.9+-14787801-b1163.94)
# Java VM: OpenJDK 64-Bit Server VM (21.0.9+-14787801-b1163.94, mixed mode, tiered, compressed oops, compressed class ptrs, g1 gc, windows-amd64)
GC Precious Log:
 CardTable entry size: 512
 Card Set container configuration: InlinePtr #cards 5 size 8 Array Of Cards #cards 12 size 40 Howl #buckets 4 coarsen threshold 1843 Howl Bitmap #cards 512 size 80 coarsen threshold 460 Card regions per heap region 1 cards per card region 2048
 CPUs: 6 total, 6 available
 Memory: 3980M
 Large Page Support: Disabled
 NUMA Support: Disabled
 Compressed Oops: Enabled (32-bit)
 Heap Region Size: 1M
 Heap Min Capacity: 8M
 Heap Initial Capacity: 64M
 Heap Max Capacity: 2G
 Pre-touch: Disabled
 Parallel Workers: 6
 Concurrent Workers: 2
 Concurrent Refinement Workers: 6
 Periodic GC: Disabled
Heap:
 garbage-first heap   total 396288K, used 250625K [0x0000000080000000, 0x0000000100000000)
  region size 1024K, 130 young (133120K), 29 survivors (29696K)
 Metaspace       used 170813K, committed 172864K, reserved 1245184K
  class space    used 22180K, committed 23168K, reserved 1048576K
GC Heap History (20 events):
Event: 67.043 GC heap before
{Heap before GC invocations=117 (full 0):
 garbage-first heap   total 471040K, used 414345K [0x0000000080000000, 0x0000000100000000)
  region size 1024K, 276 young (282624K), 17 survivors (17408K)
 Metaspace       used 80543K, committed 82240K, reserved 1179648K
  class space    used 11334K, committed 12160K, reserved 1048576K
}
Event: 67.052 GC heap after
{Heap after GC invocations=118 (full 0):
 garbage-first heap   total 471040K, used 149129K [0x0000000080000000, 0x0000000100000000)
  region size 1024K, 17 young (17408K), 17 survivors (17408K)
 Metaspace       used 80543K, committed 82240K, reserved 1179648K
  class space    used 11334K, committed 12160K, reserved 1048576K
}
Event: 69.590 GC heap before
{Heap before GC invocations=119 (full 0):
 garbage-first heap   total 471040K, used 411273K [0x0000000080000000, 0x0000000100000000)
  region size 1024K, 276 young (282624K), 17 survivors (17408K)
 Metaspace       used 108071K, committed 109888K, reserved 1179648K
  class space    used 14477K, committed 15360K, reserved 1048576K
}
Event: 69.606 GC heap after
{Heap after GC invocations=120 (full 0):
 garbage-first heap   total 471040K, used 160393K [0x0000000080000000, 0x0000000100000000)
  region size 1024K, 30 young (30720K), 30 survivors (30720K)
 Metaspace       used 108071K, committed 109888K, reserved 1179648K
  class space    used 14477K, committed 15360K, reserved 1048576K
}
Event: 73.105 GC heap before
{Heap before GC invocations=120 (full 0):
 garbage-first heap   total 471040K, used 412297K [0x0000000080000000, 0x0000000100000000)
  region size 1024K, 276 young (282624K), 30 survivors (30720K)
 Metaspace       used 135754K, committed 137600K, reserved 1179648K
  class space    used 17550K, committed 18432K, reserved 1048576K
}
Event: 73.115 GC heap after
{Heap after GC invocations=121 (full 0):
 garbage-first heap   total 471040K, used 140614K [0x0000000080000000, 0x0000000100000000)
  region size 1024K, 7 young (7168K), 7 survivors (7168K)
 Metaspace       used 135754K, committed 137600K, reserved 1179648K
  class space    used 17550K, committed 18432K, reserved 1048576K
}
Event: 73.213 GC heap before
{Heap before GC invocations=121 (full 0):
 garbage-first heap   total 471040K, used 144710K [0x0000000080000000, 0x0000000100000000)
  region size 1024K, 12 young (12288K), 7 survivors (7168K)
 Metaspace       used 136119K, committed 137920K, reserved 1179648K
  class space    used 17624K, committed 18496K, reserved 1048576K
}
Event: 73.218 GC heap after
{Heap after GC invocations=122 (full 0):
 garbage-first heap   total 471040K, used 140614K [0x0000000080000000, 0x0000000100000000)
  region size 1024K, 7 young (7168K), 7 survivors (7168K)
 Metaspace       used 136119K, committed 137920K, reserved 1179648K
  class space    used 17624K, committed 18496K, reserved 1048576K
}
Event: 77.155 GC heap before
{Heap before GC invocations=123 (full 0):
 garbage-first heap   total 396288K, used 356678K [0x0000000080000000, 0x0000000100000000)
  region size 1024K, 232 young (237568K), 7 survivors (7168K)
 Metaspace       used 149785K, committed 151680K, reserved 1245184K
  class space    used 19539K, committed 20416K, reserved 1048576K
}
Event: 77.164 GC heap after
{Heap after GC invocations=124 (full 0):
 garbage-first heap   total 396288K, used 132422K [0x0000000080000000, 0x0000000100000000)
  region size 1024K, 13 young (13312K), 13 survivors (13312K)
 Metaspace       used 149785K, committed 151680K, reserved 1245184K
  class space    used 19539K, committed 20416K, reserved 1048576K
}
Event: 78.323 GC heap before
{Heap before GC invocations=124 (full 0):
 garbage-first heap   total 396288K, used 356678K [0x0000000080000000, 0x0000000100000000)
  region size 1024K, 232 young (237568K), 13 survivors (13312K)
 Metaspace       used 149811K, committed 151680K, reserved 1245184K
  class space    used 19543K, committed 20416K, reserved 1048576K
}
Event: 78.331 GC heap after
{Heap after GC invocations=125 (full 0):
 garbage-first heap   total 396288K, used 132859K [0x0000000080000000, 0x0000000100000000)
  region size 1024K, 17 young (17408K), 17 survivors (17408K)
 Metaspace       used 149811K, committed 151680K, reserved 1245184K
  class space    used 19543K, committed 20416K, reserved 1048576K
}
Event: 78.773 GC heap before
{Heap before GC invocations=125 (full 0):
 garbage-first heap   total 396288K, used 353019K [0x0000000080000000, 0x0000000100000000)
  region size 1024K, 232 young (237568K), 17 survivors (17408K)
 Metaspace       used 149813K, committed 151680K, reserved 1245184K
  class space    used 19543K, committed 20416K, reserved 1048576K
}
Event: 78.787 GC heap after
{Heap after GC invocations=126 (full 0):
 garbage-first heap   total 396288K, used 136518K [0x0000000080000000, 0x0000000100000000)
  region size 1024K, 14 young (14336K), 14 survivors (14336K)
 Metaspace       used 149813K, committed 151680K, reserved 1245184K
  class space    used 19543K, committed 20416K, reserved 1048576K
}
Event: 79.632 GC heap before
{Heap before GC invocations=127 (full 0):
 garbage-first heap   total 396288K, used 367942K [0x0000000080000000, 0x0000000100000000)
  region size 1024K, 232 young (237568K), 14 survivors (14336K)
 Metaspace       used 152618K, committed 154560K, reserved 1245184K
  class space    used 19855K, committed 20736K, reserved 1048576K
}
Event: 79.637 GC heap after
{Heap after GC invocations=128 (full 0):
 garbage-first heap   total 396288K, used 124086K [0x0000000080000000, 0x0000000100000000)
  region size 1024K, 10 young (10240K), 10 survivors (10240K)
 Metaspace       used 152618K, committed 154560K, reserved 1245184K
  class space    used 19855K, committed 20736K, reserved 1048576K
}
Event: 81.633 GC heap before
{Heap before GC invocations=128 (full 0):
 garbage-first heap   total 396288K, used 351414K [0x0000000080000000, 0x0000000100000000)
  region size 1024K, 232 young (237568K), 10 survivors (10240K)
 Metaspace       used 161675K, committed 163584K, reserved 1245184K
  class space    used 21032K, committed 21952K, reserved 1048576K
}
Event: 81.639 GC heap after
{Heap after GC invocations=129 (full 0):
 garbage-first heap   total 396288K, used 119253K [0x0000000080000000, 0x0000000100000000)
  region size 1024K, 8 young (8192K), 8 survivors (8192K)
 Metaspace       used 161675K, committed 163584K, reserved 1245184K
  class space    used 21032K, committed 21952K, reserved 1048576K
}
Event: 83.837 GC heap before
{Heap before GC invocations=129 (full 0):
 garbage-first heap   total 396288K, used 272853K [0x0000000080000000, 0x0000000100000000)
  region size 1024K, 160 young (163840K), 8 survivors (8192K)
 Metaspace       used 169232K, committed 171328K, reserved 1245184K
  class space    used 22095K, committed 23104K, reserved 1048576K
}
Event: 83.864 GC heap after
{Heap after GC invocations=130 (full 0):
 garbage-first heap   total 396288K, used 148225K [0x0000000080000000, 0x0000000100000000)
  region size 1024K, 29 young (29696K), 29 survivors (29696K)
 Metaspace       used 169232K, committed 171328K, reserved 1245184K
  class space    used 22095K, committed 23104K, reserved 1048576K
}

